<?xml version="1.0" encoding="UTF-8"?>
<!-- Generated by org.testng.reporters.JUnitReportReporter -->
<testsuite hostname="Bharadwaj-B6DD2G2" failures="0" tests="4" name="com.tests.Login" time="103.187" errors="0" timestamp="2023-11-01T16:02:23 IST" skipped="0">
  <testcase classname="com.tests.Login" name="verifyurlTC001" time="7.550"/>
  <testcase classname="com.tests.Login" name="verifyurlTC001" time="21.768"/>
  <testcase classname="com.tests.Login" name="VerifytheerrormessageonloginpageTC002" time="37.468"/>
  <testcase classname="com.tests.Login" name="VerifytheerrormessageonloginpageTC002" time="36.401"/>
</testsuite> <!-- com.tests.Login -->
