<?xml version="1.0" encoding="UTF-8"?>
<!-- Generated by org.testng.reporters.JUnitReportReporter -->
<testsuite hostname="Bharadwaj-B6DD2G2" failures="0" tests="4" name="com.tests.Login" time="47.759" errors="0" timestamp="2024-03-13T15:01:33 IST" skipped="0">
  <testcase classname="com.tests.Login" name="verifyurlTC001" time="14.050"/>
  <testcase classname="com.tests.Login" name="verifyurlTC001" time="12.039"/>
  <testcase classname="com.tests.Login" name="VerifytheerrormessageonloginpageTC002" time="11.999"/>
  <testcase classname="com.tests.Login" name="VerifytheerrormessageonloginpageTC002" time="9.671"/>
</testsuite> <!-- com.tests.Login -->
