<?xml version="1.0" encoding="UTF-8"?>
<!-- Generated by org.testng.reporters.JUnitReportReporter -->
<testsuite hostname="Bharadwaj-B6DD2G2" failures="0" tests="4" name="com.tests.Login" time="46.394" errors="0" timestamp="2024-02-21T12:28:24 IST" skipped="0">
  <testcase classname="com.tests.Login" name="verifyurlTC001" time="13.558"/>
  <testcase classname="com.tests.Login" name="verifyurlTC001" time="11.246"/>
  <testcase classname="com.tests.Login" name="VerifytheerrormessageonloginpageTC002" time="10.407"/>
  <testcase classname="com.tests.Login" name="VerifytheerrormessageonloginpageTC002" time="11.183"/>
</testsuite> <!-- com.tests.Login -->
