<?xml version="1.0" encoding="UTF-8"?>
<!-- Generated by org.testng.reporters.JUnitReportReporter -->
<testsuite hostname="Bharadwaj-B6DD2G2" failures="0" tests="4" name="com.tests.Login" time="41.236" errors="0" timestamp="2024-02-28T14:12:56 IST" skipped="0">
  <testcase classname="com.tests.Login" name="verifyurlTC001" time="11.066"/>
  <system-out/>
  <testcase classname="com.tests.Login" name="verifyurlTC001" time="13.864"/>
  <system-out/>
  <testcase classname="com.tests.Login" name="VerifytheerrormessageonloginpageTC002" time="6.615"/>
  <system-out/>
  <testcase classname="com.tests.Login" name="VerifytheerrormessageonloginpageTC002" time="9.691"/>
  <system-out/>
</testsuite> <!-- com.tests.Login -->
