<?xml version="1.0" encoding="UTF-8"?>
<!-- Generated by org.testng.reporters.JUnitReportReporter -->
<testsuite hostname="Bharadwaj-B6DD2G2" failures="0" tests="4" name="com.tests.Login" time="40.819" errors="0" timestamp="2024-02-28T15:56:25 IST" skipped="0">
  <testcase classname="com.tests.Login" name="verifyurlTC001" time="10.792"/>
  <system-out/>
  <testcase classname="com.tests.Login" name="verifyurlTC001" time="12.288"/>
  <system-out/>
  <testcase classname="com.tests.Login" name="VerifytheerrormessageonloginpageTC002" time="6.774"/>
  <system-out/>
  <testcase classname="com.tests.Login" name="VerifytheerrormessageonloginpageTC002" time="10.965"/>
  <system-out/>
</testsuite> <!-- com.tests.Login -->
